2015-05-23T21:39:41.786Z - info:  Info Message 
2015-05-23T21:50:20.278Z - info: Global Variables Configuration Started
2015-05-23T21:50:20.288Z - info: Global Variables Configuration Completed.
2015-05-23T21:50:21.891Z - info: Global DB Connections Configuration Started 
2015-05-23T21:50:21.929Z - info: Global DB Connections Configuration finished
2015-05-23T21:50:21.935Z - info: Mapping Requests to Authorized Roles
2015-05-23T21:50:21.938Z - info: Added { /admin/stats :  { get : admin } }
2015-05-23T21:50:21.939Z - info: Added { /admin/options :  { get : admin } }
2015-05-23T21:50:21.939Z - info: Added { /admin/users :  { post : admin } }
2015-05-23T21:50:21.939Z - info: Added { /admin/user :  { post : admin } }
2015-05-23T21:50:21.940Z - info: Added { /admin/user/reset :  { post : admin } }
2015-05-23T21:50:21.940Z - info: Added { /admin/user/blacklist :  { post : admin } }
2015-05-23T21:50:21.940Z - info: Added { /admin/restaurants :  { post : admin } }
2015-05-23T21:50:21.940Z - info: Added { /admin/restaurants/search :  { post : admin } }
2015-05-23T21:50:21.941Z - info: Added to Named Requests { /admin/restaurant/ :  { get : admin } }
2015-05-23T21:50:21.942Z - info: Added to Named Requests { /admin/restaurant/ :  { put : admin } }
2015-05-23T21:50:21.942Z - info: Added { /public/restaurants/image :  { put : public } }
2015-05-23T21:50:21.943Z - info: Added { /admin/restaurants/approve :  { post : admin } }
2015-05-23T21:50:21.944Z - info: Added { /user/password :  { get : admin,user } }
2015-05-23T21:50:21.945Z - info: Added { /public/globalData :  { post : public } }
2015-05-23T21:50:21.946Z - info: Added { /public/login :  { post : public } }
2015-05-23T21:50:21.946Z - info: Added { /public/email :  { post : public } }
2015-05-23T21:50:21.946Z - info: Added { /public/users :  { post : public } }
2015-05-23T21:50:21.947Z - info: Added { /user/logout :  { post : user,admin } }
2015-05-23T21:50:21.947Z - info: Added { /login :  { post : admin } }
2015-05-23T21:50:21.948Z - info: Added { /public/restaurant :  { get : public } }
2015-05-23T21:50:21.948Z - info: Mapping Requests to Authorized Roles Finished
2015-05-23T21:50:24.566Z - info: Connection to GlobalDB has been opened
2015-05-23T21:50:24.605Z - info: Total Available DBs to connect to 3
2015-05-23T21:50:24.752Z - info: Connection opened for lucknow database
2015-05-23T21:50:24.754Z - info: Connection opened for delhi database
2015-05-23T21:50:24.755Z - info: Connection opened for appUsers database
{"timestamp":"2015-05-23T22:04:02.471Z","level":"info","message":"Global Variables Configuration Started"}
{"timestamp":"2015-05-23T22:04:02.484Z","level":"info","message":"Global Variables Configuration Completed."}
{"timestamp":"2015-05-23T22:04:05.757Z","level":"info","message":"Global DB Connections Configuration Started "}
{"timestamp":"2015-05-23T22:04:05.795Z","level":"info","message":"Global DB Connections Configuration finished"}
{"timestamp":"2015-05-23T22:04:05.800Z","level":"info","message":"Mapping Requests to Authorized Roles"}
{"timestamp":"2015-05-23T22:04:05.846Z","level":"info","message":"Added { /admin/stats :  { get : admin } }"}
{"timestamp":"2015-05-23T22:04:05.847Z","level":"info","message":"Added { /admin/options :  { get : admin } }"}
{"timestamp":"2015-05-23T22:04:05.847Z","level":"info","message":"Added { /admin/users :  { post : admin } }"}
{"timestamp":"2015-05-23T22:04:05.848Z","level":"info","message":"Added { /admin/user :  { post : admin } }"}
{"timestamp":"2015-05-23T22:04:05.849Z","level":"info","message":"Added { /admin/user/reset :  { post : admin } }"}
{"timestamp":"2015-05-23T22:04:05.849Z","level":"info","message":"Added { /admin/user/blacklist :  { post : admin } }"}
{"timestamp":"2015-05-23T22:04:05.850Z","level":"info","message":"Added { /admin/restaurants :  { post : admin } }"}
{"timestamp":"2015-05-23T22:04:05.850Z","level":"info","message":"Added { /admin/restaurants/search :  { post : admin } }"}
{"timestamp":"2015-05-23T22:04:05.851Z","level":"info","message":"Added to Named Requests { /admin/restaurant/ :  { get : admin } }"}
{"timestamp":"2015-05-23T22:04:05.852Z","level":"info","message":"Added to Named Requests { /admin/restaurant/ :  { put : admin } }"}
{"timestamp":"2015-05-23T22:04:05.852Z","level":"info","message":"Added { /public/restaurants/image :  { put : public } }"}
{"timestamp":"2015-05-23T22:04:05.853Z","level":"info","message":"Added { /admin/restaurants/approve :  { post : admin } }"}
{"timestamp":"2015-05-23T22:04:05.854Z","level":"info","message":"Added { /user/password :  { get : admin,user } }"}
{"timestamp":"2015-05-23T22:04:05.855Z","level":"info","message":"Added { /public/globalData :  { post : public } }"}
{"timestamp":"2015-05-23T22:04:05.862Z","level":"info","message":"Added { /public/login :  { post : public } }"}
{"timestamp":"2015-05-23T22:04:05.862Z","level":"info","message":"Added { /public/email :  { post : public } }"}
{"timestamp":"2015-05-23T22:04:05.863Z","level":"info","message":"Added { /public/users :  { post : public } }"}
{"timestamp":"2015-05-23T22:04:05.864Z","level":"info","message":"Added { /user/logout :  { post : user,admin } }"}
{"timestamp":"2015-05-23T22:04:05.864Z","level":"info","message":"Added { /login :  { post : admin } }"}
{"timestamp":"2015-05-23T22:04:05.865Z","level":"info","message":"Added { /public/restaurant :  { get : public } }"}
{"timestamp":"2015-05-23T22:04:05.866Z","level":"info","message":"Mapping Requests to Authorized Roles Finished"}
{"timestamp":"2015-05-23T22:04:09.185Z","level":"info","message":"Connection to GlobalDB has been opened"}
{"timestamp":"2015-05-23T22:04:09.211Z","level":"info","message":"Total Available DBs to connect to 3"}
{"timestamp":"2015-05-23T22:04:09.266Z","level":"info","message":"Connection opened for lucknow database"}
{"timestamp":"2015-05-23T22:04:09.268Z","level":"info","message":"Connection opened for delhi database"}
{"timestamp":"2015-05-23T22:04:09.269Z","level":"info","message":"Connection opened for appUsers database"}
{"timestamp":"2015-05-23T22:11:24.839Z","level":"info","message":"Global Variables Configuration Started"}
{"timestamp":"2015-05-23T22:11:24.850Z","level":"info","message":"Global Variables Configuration Completed."}
{"timestamp":"2015-05-23T22:11:27.115Z","level":"info","message":"Global DB Connections Configuration Started "}
{"timestamp":"2015-05-23T22:11:27.162Z","level":"info","message":"Global DB Connections Configuration finished"}
{"timestamp":"2015-05-23T22:11:27.169Z","level":"info","message":"Mapping Requests to Authorized Roles"}
{"timestamp":"2015-05-23T22:11:27.215Z","level":"info","message":"Added { /admin/stats :  { get : admin } }"}
{"timestamp":"2015-05-23T22:11:27.216Z","level":"info","message":"Added { /admin/options :  { get : admin } }"}
{"timestamp":"2015-05-23T22:11:27.216Z","level":"info","message":"Added { /admin/users :  { post : admin } }"}
{"timestamp":"2015-05-23T22:11:27.216Z","level":"info","message":"Added { /admin/user :  { post : admin } }"}
{"timestamp":"2015-05-23T22:11:27.218Z","level":"info","message":"Added { /admin/user/reset :  { post : admin } }"}
{"timestamp":"2015-05-23T22:11:27.218Z","level":"info","message":"Added { /admin/user/blacklist :  { post : admin } }"}
{"timestamp":"2015-05-23T22:11:27.219Z","level":"info","message":"Added { /admin/restaurants :  { post : admin } }"}
{"timestamp":"2015-05-23T22:11:27.219Z","level":"info","message":"Added { /admin/restaurants/search :  { post : admin } }"}
{"timestamp":"2015-05-23T22:11:27.220Z","level":"info","message":"Added to Named Requests { /admin/restaurant/ :  { get : admin } }"}
{"timestamp":"2015-05-23T22:11:27.221Z","level":"info","message":"Added to Named Requests { /admin/restaurant/ :  { put : admin } }"}
{"timestamp":"2015-05-23T22:11:27.221Z","level":"info","message":"Added { /public/restaurants/image :  { put : public } }"}
{"timestamp":"2015-05-23T22:11:27.221Z","level":"info","message":"Added { /admin/restaurants/approve :  { post : admin } }"}
{"timestamp":"2015-05-23T22:11:27.222Z","level":"info","message":"Added { /user/password :  { get : admin,user } }"}
{"timestamp":"2015-05-23T22:11:27.223Z","level":"info","message":"Added { /public/globalData :  { post : public } }"}
{"timestamp":"2015-05-23T22:11:27.225Z","level":"info","message":"Added { /public/login :  { post : public } }"}
{"timestamp":"2015-05-23T22:11:27.225Z","level":"info","message":"Added { /public/email :  { post : public } }"}
{"timestamp":"2015-05-23T22:11:27.225Z","level":"info","message":"Added { /public/users :  { post : public } }"}
{"timestamp":"2015-05-23T22:11:27.226Z","level":"info","message":"Added { /user/logout :  { post : user,admin } }"}
{"timestamp":"2015-05-23T22:11:27.226Z","level":"info","message":"Added { /login :  { post : admin } }"}
{"timestamp":"2015-05-23T22:11:27.227Z","level":"info","message":"Added { /public/restaurant :  { get : public } }"}
{"timestamp":"2015-05-23T22:11:27.228Z","level":"info","message":"Mapping Requests to Authorized Roles Finished"}
{"timestamp":"2015-05-23T22:11:30.604Z","level":"info","message":"Connection to GlobalDB has been opened"}
{"timestamp":"2015-05-23T22:11:30.632Z","level":"info","message":"Total Available DBs to connect to 3"}
{"timestamp":"2015-05-23T22:11:30.705Z","level":"info","message":"Connection opened for lucknow database"}
{"timestamp":"2015-05-23T22:11:30.708Z","level":"info","message":"Connection opened for delhi database"}
{"timestamp":"2015-05-23T22:11:30.711Z","level":"info","message":"Connection opened for appUsers database"}
{"timestamp":"2015-05-23T22:12:18.877Z","level":"info","message":"Global Variables Configuration Started"}
{"timestamp":"2015-05-23T22:12:18.890Z","level":"info","message":"Global Variables Configuration Completed."}
{"timestamp":"2015-05-23T22:12:20.330Z","level":"info","message":"Global DB Connections Configuration Started "}
{"timestamp":"2015-05-23T22:12:20.365Z","level":"info","message":"Global DB Connections Configuration finished"}
{"timestamp":"2015-05-23T22:12:20.371Z","level":"info","message":"Mapping Requests to Authorized Roles"}
{"timestamp":"2015-05-23T22:12:20.374Z","level":"info","message":"Added { /admin/stats :  { get : admin } }"}
{"timestamp":"2015-05-23T22:12:20.375Z","level":"info","message":"Added { /admin/options :  { get : admin } }"}
{"timestamp":"2015-05-23T22:12:20.375Z","level":"info","message":"Added { /admin/users :  { post : admin } }"}
{"timestamp":"2015-05-23T22:12:20.376Z","level":"info","message":"Added { /admin/user :  { post : admin } }"}
{"timestamp":"2015-05-23T22:12:20.376Z","level":"info","message":"Added { /admin/user/reset :  { post : admin } }"}
{"timestamp":"2015-05-23T22:12:20.376Z","level":"info","message":"Added { /admin/user/blacklist :  { post : admin } }"}
{"timestamp":"2015-05-23T22:12:20.378Z","level":"info","message":"Added { /admin/restaurants :  { post : admin } }"}
{"timestamp":"2015-05-23T22:12:20.378Z","level":"info","message":"Added { /admin/restaurants/search :  { post : admin } }"}
{"timestamp":"2015-05-23T22:12:20.380Z","level":"info","message":"Added to Named Requests { /admin/restaurant/ :  { get : admin } }"}
{"timestamp":"2015-05-23T22:12:20.380Z","level":"info","message":"Added to Named Requests { /admin/restaurant/ :  { put : admin } }"}
{"timestamp":"2015-05-23T22:12:20.381Z","level":"info","message":"Added { /public/restaurants/image :  { put : public } }"}
{"timestamp":"2015-05-23T22:12:20.381Z","level":"info","message":"Added { /admin/restaurants/approve :  { post : admin } }"}
{"timestamp":"2015-05-23T22:12:20.382Z","level":"info","message":"Added { /user/password :  { get : admin,user } }"}
{"timestamp":"2015-05-23T22:12:20.382Z","level":"info","message":"Added { /public/globalData :  { post : public } }"}
{"timestamp":"2015-05-23T22:12:20.383Z","level":"info","message":"Added { /public/login :  { post : public } }"}
{"timestamp":"2015-05-23T22:12:20.384Z","level":"info","message":"Added { /public/email :  { post : public } }"}
{"timestamp":"2015-05-23T22:12:20.384Z","level":"info","message":"Added { /public/users :  { post : public } }"}
{"timestamp":"2015-05-23T22:12:20.384Z","level":"info","message":"Added { /user/logout :  { post : user,admin } }"}
{"timestamp":"2015-05-23T22:12:20.385Z","level":"info","message":"Added { /login :  { post : admin } }"}
{"timestamp":"2015-05-23T22:12:20.385Z","level":"info","message":"Added { /public/restaurant :  { get : public } }"}
{"timestamp":"2015-05-23T22:12:20.386Z","level":"info","message":"Mapping Requests to Authorized Roles Finished"}
{"timestamp":"2015-05-23T22:12:22.419Z","level":"info","message":"Connection to GlobalDB has been opened"}
{"timestamp":"2015-05-23T22:12:22.451Z","level":"info","message":"Total Available DBs to connect to 3"}
{"timestamp":"2015-05-23T22:12:22.506Z","level":"info","message":"Connection opened for lucknow database"}
{"timestamp":"2015-05-23T22:12:22.509Z","level":"info","message":"Connection opened for delhi database"}
{"timestamp":"2015-05-23T22:12:22.510Z","level":"info","message":"Connection opened for appUsers database"}
{"timestamp":"2015-05-23T22:12:22.511Z","level":"info","message":"DB Connections established to all DBs"}
{"timestamp":"2015-05-23T22:12:22.511Z","level":"info","message":"Starting Server"}
{"timestamp":"2015-05-23T22:12:22.532Z","level":"info","message":"Experss Server listening on port %d in %s mode"}
{"timestamp":"2015-05-23T22:13:45.001Z","level":"info","message":"Global Variables Configuration Started"}
{"timestamp":"2015-05-23T22:13:45.019Z","level":"info","message":"Global Variables Configuration Completed."}
{"timestamp":"2015-05-23T22:13:46.561Z","level":"info","message":"Global DB Connections Configuration Started "}
{"timestamp":"2015-05-23T22:13:46.600Z","level":"info","message":"Global DB Connections Configuration finished"}
{"timestamp":"2015-05-23T22:13:46.607Z","level":"info","message":"Mapping Requests to Authorized Roles"}
{"timestamp":"2015-05-23T22:13:46.610Z","level":"info","message":"Added { /admin/stats :  { get : admin } }"}
{"timestamp":"2015-05-23T22:13:46.611Z","level":"info","message":"Added { /admin/options :  { get : admin } }"}
{"timestamp":"2015-05-23T22:13:46.611Z","level":"info","message":"Added { /admin/users :  { post : admin } }"}
{"timestamp":"2015-05-23T22:13:46.611Z","level":"info","message":"Added { /admin/user :  { post : admin } }"}
{"timestamp":"2015-05-23T22:13:46.612Z","level":"info","message":"Added { /admin/user/reset :  { post : admin } }"}
{"timestamp":"2015-05-23T22:13:46.612Z","level":"info","message":"Added { /admin/user/blacklist :  { post : admin } }"}
{"timestamp":"2015-05-23T22:13:46.612Z","level":"info","message":"Added { /admin/restaurants :  { post : admin } }"}
{"timestamp":"2015-05-23T22:13:46.613Z","level":"info","message":"Added { /admin/restaurants/search :  { post : admin } }"}
{"timestamp":"2015-05-23T22:13:46.614Z","level":"info","message":"Added to Named Requests { /admin/restaurant/ :  { get : admin } }"}
{"timestamp":"2015-05-23T22:13:46.615Z","level":"info","message":"Added to Named Requests { /admin/restaurant/ :  { put : admin } }"}
{"timestamp":"2015-05-23T22:13:46.615Z","level":"info","message":"Added { /public/restaurants/image :  { put : public } }"}
{"timestamp":"2015-05-23T22:13:46.616Z","level":"info","message":"Added { /admin/restaurants/approve :  { post : admin } }"}
{"timestamp":"2015-05-23T22:13:46.616Z","level":"info","message":"Added { /user/password :  { get : admin,user } }"}
{"timestamp":"2015-05-23T22:13:46.617Z","level":"info","message":"Added { /public/globalData :  { post : public } }"}
{"timestamp":"2015-05-23T22:13:46.618Z","level":"info","message":"Added { /public/login :  { post : public } }"}
{"timestamp":"2015-05-23T22:13:46.618Z","level":"info","message":"Added { /public/email :  { post : public } }"}
{"timestamp":"2015-05-23T22:13:46.619Z","level":"info","message":"Added { /public/users :  { post : public } }"}
{"timestamp":"2015-05-23T22:13:46.619Z","level":"info","message":"Added { /user/logout :  { post : user,admin } }"}
{"timestamp":"2015-05-23T22:13:46.619Z","level":"info","message":"Added { /login :  { post : admin } }"}
{"timestamp":"2015-05-23T22:13:46.620Z","level":"info","message":"Added { /public/restaurant :  { get : public } }"}
{"timestamp":"2015-05-23T22:13:46.620Z","level":"info","message":"Mapping Requests to Authorized Roles Finished"}
{"timestamp":"2015-05-23T22:13:48.565Z","level":"info","message":"Connection to GlobalDB has been opened"}
{"timestamp":"2015-05-23T22:13:48.590Z","level":"info","message":"Total Available DBs to connect to 3"}
{"timestamp":"2015-05-23T22:13:48.660Z","level":"info","message":"Connection opened for lucknow database"}
{"timestamp":"2015-05-23T22:13:48.666Z","level":"info","message":"Connection opened for delhi database"}
{"timestamp":"2015-05-23T22:13:48.669Z","level":"info","message":"Connection opened for appUsers database"}
{"timestamp":"2015-05-23T22:13:48.671Z","level":"info","message":"DB Connections established to all DBs"}
{"timestamp":"2015-05-23T22:13:48.672Z","level":"info","message":"Starting Server"}
{"timestamp":"2015-05-23T22:13:48.701Z","level":"info","message":"Express Server listening on port 3000 in development  mode."}
